<?xml version="1.0" encoding="UTF-8"?>
<!-- Generated by org.testng.reporters.JUnitReportReporter -->
<testsuite name="com.selenium.testcases.ClickingOnTabs" tests="1" time="20.506" ignored="0" failures="0" timestamp="29 Mar 2018 15:55:24 GMT" skipped="0" hostname="LAPTOP-A9SHFLG8" errors="0">
  <testcase name="clickOnTabs" time="20.506" classname="com.selenium.testcases.ClickingOnTabs"/>
</testsuite> <!-- com.selenium.testcases.ClickingOnTabs -->
