<?xml version="1.0" encoding="UTF-8"?>
<!-- Generated by org.testng.reporters.JUnitReportReporter -->
<testsuite name="com.selenium.testcases.LoginAndLogoutTestCase" tests="1" time="10.112" ignored="0" failures="0" timestamp="29 Mar 2018 15:54:34 GMT" skipped="0" hostname="LAPTOP-A9SHFLG8" errors="0">
  <testcase name="loginAndLogout" time="10.112" classname="com.selenium.testcases.LoginAndLogoutTestCase"/>
</testsuite> <!-- com.selenium.testcases.LoginAndLogoutTestCase -->
